Connecting to database specified by database.yml
  [1m[36m (94.4ms)[0m  [1mCREATE TABLE `schema_migrations` (`version` varchar(255) NOT NULL) ENGINE=InnoDB[0m
  [1m[35m (346.1ms)[0m  CREATE UNIQUE INDEX `unique_schema_migrations` ON `schema_migrations` (`version`)
  [1m[36m (1.2ms)[0m  [1mSELECT `schema_migrations`.`version` FROM `schema_migrations` [0m
Migrating to DeviseCreateUsers (20120809155558)
  [1m[35m (83.9ms)[0m  CREATE TABLE `users` (`id` int(11) DEFAULT NULL auto_increment PRIMARY KEY, `email` varchar(255) DEFAULT '' NOT NULL, `username` varchar(255) DEFAULT '' NOT NULL, `encrypted_password` varchar(255) DEFAULT '' NOT NULL, `reset_password_token` varchar(255), `reset_password_sent_at` datetime, `remember_created_at` datetime, `sign_in_count` int(11) DEFAULT 0, `current_sign_in_at` datetime, `last_sign_in_at` datetime, `current_sign_in_ip` varchar(255), `last_sign_in_ip` varchar(255), `confirmation_token` varchar(255), `confirmed_at` datetime, `confirmation_sent_at` datetime, `unconfirmed_email` varchar(255), `created_at` datetime NOT NULL, `updated_at` datetime NOT NULL) ENGINE=InnoDB
  [1m[36m (142.4ms)[0m  [1mCREATE UNIQUE INDEX `index_users_on_email` ON `users` (`email`)[0m
  [1m[35m (93.5ms)[0m  CREATE INDEX `index_users_on_username` ON `users` (`username`)
  [1m[36m (198.1ms)[0m  [1mCREATE UNIQUE INDEX `index_users_on_reset_password_token` ON `users` (`reset_password_token`)[0m
  [1m[35m (124.2ms)[0m  CREATE UNIQUE INDEX `index_users_on_confirmation_token` ON `users` (`confirmation_token`)
  [1m[36m (1.7ms)[0m  [1mINSERT INTO `schema_migrations` (`version`) VALUES ('20120809155558')[0m
Migrating to AddOmniauthToUsers (20120812144930)
  [1m[35m (119.3ms)[0m  ALTER TABLE `users` ADD `provider` varchar(255)
  [1m[36m (103.0ms)[0m  [1mALTER TABLE `users` ADD `uid` varchar(255)[0m
  [1m[35m (82.7ms)[0m  CREATE INDEX `index_users_on_provider` ON `users` (`provider`)
  [1m[36m (76.9ms)[0m  [1mCREATE INDEX `index_users_on_uid` ON `users` (`uid`)[0m
  [1m[35m (2.2ms)[0m  INSERT INTO `schema_migrations` (`version`) VALUES ('20120812144930')
Migrating to CreateDelayedJobs (20120816071249)
  [1m[36m (117.8ms)[0m  [1mCREATE TABLE `delayed_jobs` (`id` int(11) DEFAULT NULL auto_increment PRIMARY KEY, `priority` int(11) DEFAULT 0, `attempts` int(11) DEFAULT 0, `handler` text, `last_error` text, `run_at` datetime, `locked_at` datetime, `failed_at` datetime, `locked_by` varchar(255), `queue` varchar(255), `created_at` datetime NOT NULL, `updated_at` datetime NOT NULL) ENGINE=InnoDB[0m
  [1m[35m (93.6ms)[0m  CREATE INDEX `delayed_jobs_priority` ON `delayed_jobs` (`priority`, `run_at`)
  [1m[36m (0.5ms)[0m  [1mINSERT INTO `schema_migrations` (`version`) VALUES ('20120816071249')[0m
Migrating to CreateProducts (20120826101756)
  [1m[35m (103.2ms)[0m  CREATE TABLE `products` (`id` int(11) DEFAULT NULL auto_increment PRIMARY KEY, `name` varchar(255) NOT NULL, `description` text NOT NULL, `original_price` int(11) DEFAULT 0, `price` int(11) DEFAULT 0, `url` varchar(255) NOT NULL, `user_id` int(11) NOT NULL, `status` varchar(255) DEFAULT 'waiting_for_review', `is_public` tinyint(1) DEFAULT 0, `created_at` datetime NOT NULL, `updated_at` datetime NOT NULL) ENGINE=InnoDB
  [1m[36m (143.1ms)[0m  [1mCREATE INDEX `index_products_on_name` ON `products` (`name`)[0m
  [1m[35m (173.9ms)[0m  CREATE INDEX `index_products_on_user_id` ON `products` (`user_id`)
  [1m[36m (163.2ms)[0m  [1mCREATE INDEX `index_products_on_status` ON `products` (`status`)[0m
  [1m[35m (117.9ms)[0m  CREATE INDEX `index_products_on_is_public` ON `products` (`is_public`)
  [1m[36m (0.3ms)[0m  [1mINSERT INTO `schema_migrations` (`version`) VALUES ('20120826101756')[0m
Migrating to AddIsAdminToUser (20120826152010)
  [1m[35m (304.4ms)[0m  ALTER TABLE `users` ADD `is_admin` tinyint(1) DEFAULT 0
  [1m[36m (203.4ms)[0m  [1mCREATE INDEX `index_users_on_is_admin` ON `users` (`is_admin`)[0m
  [1m[35m (0.4ms)[0m  INSERT INTO `schema_migrations` (`version`) VALUES ('20120826152010')
Migrating to ChangeProductUrlToRutenNo (20120902151226)
  [1m[36m (1.6ms)[0m  [1mSHOW COLUMNS FROM `products` LIKE 'url'[0m
  [1m[35m (152.1ms)[0m  ALTER TABLE `products` CHANGE `url` `ruten_no` varchar(255) NOT NULL
  [1m[36m (0.4ms)[0m  [1mINSERT INTO `schema_migrations` (`version`) VALUES ('20120902151226')[0m
Migrating to CreateProductImages (20120902152733)
  [1m[35m (126.1ms)[0m  CREATE TABLE `product_images` (`id` int(11) DEFAULT NULL auto_increment PRIMARY KEY, `image` varchar(255), `product_id` varchar(255), `created_at` datetime NOT NULL, `updated_at` datetime NOT NULL) ENGINE=InnoDB
  [1m[36m (148.5ms)[0m  [1mCREATE INDEX `index_product_images_on_product_id` ON `product_images` (`product_id`)[0m
  [1m[35m (0.3ms)[0m  INSERT INTO `schema_migrations` (`version`) VALUES ('20120902152733')
Migrating to AddAttributesToProduct (20120903133032)
  [1m[36m (154.3ms)[0m  [1mALTER TABLE `products` ADD `pattern` text[0m
  [1m[35m (158.3ms)[0m  ALTER TABLE `products` ADD `notice` text
  [1m[36m (0.3ms)[0m  [1mINSERT INTO `schema_migrations` (`version`) VALUES ('20120903133032')[0m
Migrating to CreateCategories (20120916130252)
  [1m[35m (139.3ms)[0m  CREATE TABLE `categories` (`id` int(11) DEFAULT NULL auto_increment PRIMARY KEY, `name` varchar(255), `parent_id` int(11), `created_at` datetime NOT NULL, `updated_at` datetime NOT NULL) ENGINE=InnoDB
  [1m[36m (108.5ms)[0m  [1mCREATE INDEX `index_categories_on_name` ON `categories` (`name`)[0m
  [1m[35m (167.1ms)[0m  CREATE INDEX `index_categories_on_parent_id` ON `categories` (`parent_id`)
  [1m[36m (0.4ms)[0m  [1mINSERT INTO `schema_migrations` (`version`) VALUES ('20120916130252')[0m
Migrating to AddCategoryIdToProduct (20120916131453)
  [1m[35m (171.2ms)[0m  ALTER TABLE `products` ADD `category_id` int(11)
  [1m[36m (117.5ms)[0m  [1mCREATE INDEX `index_products_on_category_id` ON `products` (`category_id`)[0m
  [1m[35m (0.4ms)[0m  INSERT INTO `schema_migrations` (`version`) VALUES ('20120916131453')
Migrating to AddProductsCountToCategory (20120916135944)
  [1m[36m (161.8ms)[0m  [1mALTER TABLE `categories` ADD `products_count` int(11)[0m
  [1m[35m (141.5ms)[0m  ALTER TABLE `products` DROP `is_public`
  [1m[36mCategory Load (0.1ms)[0m  [1mSELECT `categories`.* FROM `categories` [0m
  [1m[35m (0.3ms)[0m  INSERT INTO `schema_migrations` (`version`) VALUES ('20120916135944')
Migrating to ActsAsTaggableOnMigration (20120923232924)
  [1m[36m (115.5ms)[0m  [1mCREATE TABLE `tags` (`id` int(11) DEFAULT NULL auto_increment PRIMARY KEY, `name` varchar(255)) ENGINE=InnoDB[0m
  [1m[35m (121.5ms)[0m  CREATE TABLE `taggings` (`id` int(11) DEFAULT NULL auto_increment PRIMARY KEY, `tag_id` int(11), `taggable_id` int(11), `taggable_type` varchar(255), `tagger_id` int(11), `tagger_type` varchar(255), `context` varchar(128), `created_at` datetime) ENGINE=InnoDB
  [1m[36m (150.3ms)[0m  [1mCREATE INDEX `index_taggings_on_tag_id` ON `taggings` (`tag_id`)[0m
  [1m[35m (104.9ms)[0m  CREATE INDEX `index_taggings_on_taggable_id_and_taggable_type_and_context` ON `taggings` (`taggable_id`, `taggable_type`, `context`)
  [1m[36m (0.5ms)[0m  [1mINSERT INTO `schema_migrations` (`version`) VALUES ('20120923232924')[0m
Migrating to RemoveCategory (20120924001844)
  [1m[35m (23.2ms)[0m  DROP TABLE `categories`
  [1m[36m (0.5ms)[0m  [1mINSERT INTO `schema_migrations` (`version`) VALUES ('20120924001844')[0m
Migrating to CreateBanners (20121021072713)
  [1m[35m (105.8ms)[0m  CREATE TABLE `banners` (`id` int(11) DEFAULT NULL auto_increment PRIMARY KEY, `start_date` datetime, `end_date` datetime, `url` varchar(255), `created_at` datetime NOT NULL, `updated_at` datetime NOT NULL) ENGINE=InnoDB
  [1m[36m (0.3ms)[0m  [1mINSERT INTO `schema_migrations` (`version`) VALUES ('20121021072713')[0m
Migrating to AddBannerToBanners (20121021072912)
  [1m[35m (133.6ms)[0m  ALTER TABLE `banners` ADD `banner` varchar(255)
  [1m[36m (0.3ms)[0m  [1mINSERT INTO `schema_migrations` (`version`) VALUES ('20121021072912')[0m
Migrating to AddAgreeTermsToUser (20121125093015)
  [1m[35m (121.6ms)[0m  ALTER TABLE `users` ADD `terms` tinyint(1) DEFAULT 1
  [1m[36m (233.0ms)[0m  [1mALTER TABLE `users` ADD `marketing` tinyint(1) DEFAULT 1[0m
  [1m[35m (0.5ms)[0m  INSERT INTO `schema_migrations` (`version`) VALUES ('20121125093015')
Migrating to CreateConsignments (20121125103119)
  [1m[36m (107.4ms)[0m  [1mCREATE TABLE `consignments` (`id` int(11) DEFAULT NULL auto_increment PRIMARY KEY, `user_id` int(11), `name` varchar(255), `address` varchar(255), `phone` varchar(255), `status` varchar(255), `chinese_name` varchar(255), `product_id` int(11), `attachment` varchar(255), `attachment_tmp` varchar(255), `attachment_processing` tinyint(1), `created_at` datetime NOT NULL, `updated_at` datetime NOT NULL) ENGINE=InnoDB[0m
  [1m[35m (165.9ms)[0m  CREATE INDEX `index_consignments_on_user_id` ON `consignments` (`user_id`)
  [1m[36m (78.5ms)[0m  [1mCREATE INDEX `index_consignments_on_product_id` ON `consignments` (`product_id`)[0m
  [1m[35m (2.1ms)[0m  INSERT INTO `schema_migrations` (`version`) VALUES ('20121125103119')
Migrating to AddAddressToUser (20121125103210)
  [1m[36m (134.7ms)[0m  [1mALTER TABLE `users` ADD `address` varchar(255)[0m
  [1m[35m (130.3ms)[0m  ALTER TABLE `users` ADD `phone` varchar(255)
  [1m[36m (175.4ms)[0m  [1mALTER TABLE `users` ADD `chinese_name` varchar(255)[0m
  [1m[35m (0.5ms)[0m  INSERT INTO `schema_migrations` (`version`) VALUES ('20121125103210')
Migrating to AddBackgroudAttributesToProductImage (20121125154156)
  [1m[36m (123.3ms)[0m  [1mALTER TABLE `product_images` ADD `image_processing` tinyint(1)[0m
  [1m[35m (93.0ms)[0m  ALTER TABLE `product_images` ADD `image_tmp` varchar(255)
  [1m[36m (189.6ms)[0m  [1mALTER TABLE `banners` ADD `banner_processing` tinyint(1)[0m
  [1m[35m (708.9ms)[0m  ALTER TABLE `banners` ADD `banner_tmp` varchar(255)
  [1m[36m (0.4ms)[0m  [1mINSERT INTO `schema_migrations` (`version`) VALUES ('20121125154156')[0m
Migrating to CreateConsignmentProducts (20121205145425)
  [1m[35m (106.1ms)[0m  CREATE TABLE `consignment_products` (`id` int(11) DEFAULT NULL auto_increment PRIMARY KEY, `name` varchar(255), `consignment_id` int(11), `created_at` datetime NOT NULL, `updated_at` datetime NOT NULL) ENGINE=InnoDB
  [1m[36m (192.2ms)[0m  [1mCREATE INDEX `index_consignment_products_on_consignment_id` ON `consignment_products` (`consignment_id`)[0m
  [1m[35m (147.6ms)[0m  ALTER TABLE `consignments` DROP `name`
  [1m[36m (0.4ms)[0m  [1mINSERT INTO `schema_migrations` (`version`) VALUES ('20121205145425')[0m
Migrating to AddAttributesToConsignmentProduct (20121210144209)
  [1m[35m (147.5ms)[0m  ALTER TABLE `consignment_products` ADD `brand` varchar(255)
  [1m[36m (152.0ms)[0m  [1mALTER TABLE `consignment_products` ADD `path` varchar(255)[0m
  [1m[35m (131.3ms)[0m  ALTER TABLE `consignment_products` ADD `warranty` tinyint(1) DEFAULT 0
  [1m[36m (124.1ms)[0m  [1mALTER TABLE `consignment_products` ADD `guarantee` tinyint(1) DEFAULT 0[0m
  [1m[35m (143.2ms)[0m  ALTER TABLE `consignment_products` ADD `price` int(11) DEFAULT 0
  [1m[36m (108.5ms)[0m  [1mALTER TABLE `consignment_products` ADD `how_new` varchar(255)[0m
  [1m[35m (131.8ms)[0m  ALTER TABLE `consignment_products` ADD `short_coming` text
  [1m[36m (165.8ms)[0m  [1mALTER TABLE `consignment_products` ADD `comment` text[0m
  [1m[35m (291.3ms)[0m  ALTER TABLE `consignment_products` ADD `dealing_status` varchar(255) DEFAULT '等待處理'
  [1m[36m (291.8ms)[0m  [1mALTER TABLE `consignment_products` ADD `attachment` varchar(255)[0m
  [1m[35m (444.0ms)[0m  ALTER TABLE `consignment_products` ADD `attachment_tmp` varchar(255)
  [1m[36m (920.7ms)[0m  [1mALTER TABLE `consignment_products` ADD `attachment_processing` tinyint(1)[0m
  [1m[35m (702.2ms)[0m  ALTER TABLE `consignments` ADD `argu_price` tinyint(1) DEFAULT 0
  [1m[36m (664.7ms)[0m  [1mALTER TABLE `consignments` ADD `allow_fix` tinyint(1) DEFAULT 0[0m
  [1m[35m (458.7ms)[0m  ALTER TABLE `consignments` ADD `bank` varchar(255)
  [1m[36m (215.8ms)[0m  [1mALTER TABLE `consignments` ADD `account` varchar(255)[0m
  [1m[35m (175.5ms)[0m  ALTER TABLE `consignments` ADD `bank_num` varchar(255)
  [1m[36m (106.4ms)[0m  [1mALTER TABLE `consignments` ADD `account_num` varchar(255)[0m
  [1m[35m (143.7ms)[0m  ALTER TABLE `users` ADD `bank` varchar(255)
  [1m[36m (305.8ms)[0m  [1mALTER TABLE `users` ADD `account` varchar(255)[0m
  [1m[35m (225.2ms)[0m  ALTER TABLE `users` ADD `bank_num` varchar(255)
  [1m[36m (216.2ms)[0m  [1mALTER TABLE `users` ADD `account_num` varchar(255)[0m
  [1m[35m (11.0ms)[0m  INSERT INTO `schema_migrations` (`version`) VALUES ('20121210144209')
Migrating to AddBalanceToConsignment (20121212145934)
  [1m[36m (213.9ms)[0m  [1mALTER TABLE `consignments` ADD `balance` int(11) DEFAULT 0[0m
  [1m[35m (7.8ms)[0m  INSERT INTO `schema_migrations` (`version`) VALUES ('20121212145934')
Migrating to RemoveProductFromConsignment (20121212150147)
  [1m[36m (228.9ms)[0m  [1mALTER TABLE `consignments` DROP `product_id`[0m
  [1m[35m (215.3ms)[0m  ALTER TABLE `consignment_products` ADD `product_id` int(11)
  [1m[36m (223.9ms)[0m  [1mALTER TABLE `consignments` ADD `payed` tinyint(1)[0m
  [1m[35m (202.9ms)[0m  CREATE INDEX `index_consignment_products_on_product_id` ON `consignment_products` (`product_id`)
  [1m[36m (1.5ms)[0m  [1mINSERT INTO `schema_migrations` (`version`) VALUES ('20121212150147')[0m
Migrating to AddValueCacheToUser (20130101093553)
  [1m[35m (313.2ms)[0m  ALTER TABLE `users` ADD `money_can_apply` int(11) DEFAULT 0
  [1m[36m (291.5ms)[0m  [1mALTER TABLE `users` ADD `money_already_earned` int(11) DEFAULT 0[0m
  [1m[35m (7.9ms)[0m  INSERT INTO `schema_migrations` (`version`) VALUES ('20130101093553')
  [1m[36m (0.2ms)[0m  [1mSELECT `schema_migrations`.`version` FROM `schema_migrations` [0m
Connecting to database specified by database.yml


Started GET "/" for 127.0.0.1 at 2013-01-07 11:31:24 +0800
Processing by ProductsController#index as HTML
  [1m[36mBanner Load (0.5ms)[0m  [1mSELECT `banners`.* FROM `banners` WHERE (start_date < '2013-01-07 03:31:25' and end_date > '2013-01-07 03:31:25')[0m
  [1m[35mActsAsTaggableOn::Tag Load (0.8ms)[0m  SELECT tags.*, taggings.tags_count AS count FROM `tags` JOIN (SELECT taggings.tag_id, COUNT(taggings.tag_id) AS tags_count FROM `taggings` INNER JOIN products ON products.id = taggings.taggable_id WHERE (taggings.taggable_type = 'Product' AND taggings.context = 'tags') AND (taggings.taggable_id IN(SELECT products.id FROM `products` ORDER BY created_at desc)) GROUP BY taggings.tag_id HAVING COUNT(taggings.tag_id) > 0) AS taggings ON taggings.tag_id = tags.id
  Rendered shared/_tags_aside.html.slim (6.4ms)
  [1m[36mProduct Load (0.5ms)[0m  [1mSELECT `products`.* FROM `products` WHERE `products`.`status` IN ('selling', 'replenish') ORDER BY created_at desc LIMIT 15 OFFSET 0[0m
  Rendered products/_products.html.slim (10.8ms)
  Rendered products/index.html.slim within layouts/application (116.1ms)
Compiled common/products/consignments.css  (3ms)  (pid 16373)
Compiled common/products/index.css  (94ms)  (pid 16373)
Compiled common/products/product.css  (6ms)  (pid 16373)
Compiled common/products/signup.css  (85ms)  (pid 16373)
Compiled common/sidebar.css  (33ms)  (pid 16373)
Compiled application.css  (2684ms)  (pid 16373)
  Rendered shared/_user_status_panel.html.slim (8.2ms)
Compiled jquery.js  (48ms)  (pid 16373)
Compiled jquery_ujs.js  (0ms)  (pid 16373)
Compiled common.js  (150ms)  (pid 16373)
Compiled products.js  (71ms)  (pid 16373)
Compiled bootstrap-transition.js  (0ms)  (pid 16373)
Compiled bootstrap-alert.js  (0ms)  (pid 16373)
Compiled bootstrap-button.js  (0ms)  (pid 16373)
Compiled bootstrap-carousel.js  (0ms)  (pid 16373)
Compiled bootstrap-collapse.js  (0ms)  (pid 16373)
Compiled bootstrap-dropdown.js  (0ms)  (pid 16373)
Compiled bootstrap-modal.js  (0ms)  (pid 16373)
Compiled bootstrap-scrollspy.js  (0ms)  (pid 16373)
Compiled bootstrap-tab.js  (0ms)  (pid 16373)
Compiled bootstrap-tooltip.js  (0ms)  (pid 16373)
Compiled bootstrap-popover.js  (0ms)  (pid 16373)
Compiled bootstrap-typeahead.js  (0ms)  (pid 16373)
Compiled bootstrap.js  (290ms)  (pid 16373)
Compiled jquery_nested_form.js  (0ms)  (pid 16373)
Compiled cocoon.js  (0ms)  (pid 16373)
Compiled application.js  (706ms)  (pid 16373)
Completed 200 OK in 4122ms (Views: 3824.0ms | ActiveRecord: 5.7ms)


Started GET "/assets/application.css?body=1" for 127.0.0.1 at 2013-01-07 11:31:29 +0800
Served asset /application.css - 200 OK (19ms)


Started GET "/assets/common/products/index.css?body=1" for 127.0.0.1 at 2013-01-07 11:31:29 +0800


Started GET "/assets/common/products/consignments.css?body=1" for 127.0.0.1 at 2013-01-07 11:31:29 +0800
Served asset /common/products/index.css - 200 OK (2ms)


Started GET "/assets/common/products/signup.css?body=1" for 127.0.0.1 at 2013-01-07 11:31:29 +0800
Served asset /common/products/signup.css - 200 OK (2ms)


Started GET "/assets/common/sidebar.css?body=1" for 127.0.0.1 at 2013-01-07 11:31:29 +0800


Started GET "/assets/common/products/product.css?body=1" for 127.0.0.1 at 2013-01-07 11:31:29 +0800
Served asset /common/sidebar.css - 200 OK (1ms)


Started GET "/assets/font-awesome/css/font-awesome.css" for 127.0.0.1 at 2013-01-07 11:31:29 +0800
Compiled font-awesome/css/font-awesome.css  (0ms)  (pid 16373)
Served asset /font-awesome/css/font-awesome.css - 200 OK (9ms)


Started GET "/assets/jquery.js?body=1" for 127.0.0.1 at 2013-01-07 11:31:29 +0800
Served asset /jquery.js - 200 OK (2ms)


Started GET "/assets/jquery_ujs.js?body=1" for 127.0.0.1 at 2013-01-07 11:31:29 +0800
Served asset /common/products/consignments.css - 200 OK (8ms)
Served asset /jquery_ujs.js - 200 OK (5ms)


Started GET "/assets/common.js?body=1" for 127.0.0.1 at 2013-01-07 11:31:29 +0800
Served asset /common.js - 200 OK (3ms)


Started GET "/assets/products.js?body=1" for 127.0.0.1 at 2013-01-07 11:31:29 +0800


Started GET "/assets/bootstrap-transition.js?body=1" for 127.0.0.1 at 2013-01-07 11:31:29 +0800
Served asset /bootstrap-transition.js - 200 OK (3ms)
Served asset /products.js - 200 OK (1ms)
Served asset /common/products/product.css - 200 OK (4ms)


Started GET "/assets/bootstrap-alert.js?body=1" for 127.0.0.1 at 2013-01-07 11:31:29 +0800


Started GET "/assets/bootstrap-carousel.js?body=1" for 127.0.0.1 at 2013-01-07 11:31:29 +0800


Started GET "/assets/bootstrap-button.js?body=1" for 127.0.0.1 at 2013-01-07 11:31:29 +0800
Served asset /bootstrap-alert.js - 200 OK (2ms)
Served asset /bootstrap-button.js - 200 OK (3ms)


Started GET "/assets/bootstrap-collapse.js?body=1" for 127.0.0.1 at 2013-01-07 11:31:29 +0800


Started GET "/assets/bootstrap-dropdown.js?body=1" for 127.0.0.1 at 2013-01-07 11:31:29 +0800
Served asset /bootstrap-collapse.js - 200 OK (2ms)
Served asset /bootstrap-dropdown.js - 200 OK (3ms)
Served asset /bootstrap-carousel.js - 200 OK (3ms)


Started GET "/assets/bootstrap-modal.js?body=1" for 127.0.0.1 at 2013-01-07 11:31:29 +0800


Started GET "/assets/bootstrap-tab.js?body=1" for 127.0.0.1 at 2013-01-07 11:31:29 +0800


Started GET "/assets/bootstrap-scrollspy.js?body=1" for 127.0.0.1 at 2013-01-07 11:31:29 +0800
Served asset /bootstrap-modal.js - 200 OK (3ms)


Started GET "/assets/bootstrap-tooltip.js?body=1" for 127.0.0.1 at 2013-01-07 11:31:29 +0800
Served asset /bootstrap-tab.js - 200 OK (2ms)


Started GET "/assets/bootstrap-popover.js?body=1" for 127.0.0.1 at 2013-01-07 11:31:29 +0800
Served asset /bootstrap-popover.js - 200 OK (2ms)
Served asset /bootstrap-scrollspy.js - 200 OK (10ms)
Served asset /bootstrap-tooltip.js - 200 OK (3ms)


Started GET "/assets/bootstrap-typeahead.js?body=1" for 127.0.0.1 at 2013-01-07 11:31:29 +0800


Started GET "/assets/bootstrap.js?body=1" for 127.0.0.1 at 2013-01-07 11:31:29 +0800


Started GET "/assets/jquery_nested_form.js?body=1" for 127.0.0.1 at 2013-01-07 11:31:29 +0800
Served asset /jquery_nested_form.js - 200 OK (2ms)


Started GET "/assets/cocoon.js?body=1" for 127.0.0.1 at 2013-01-07 11:31:29 +0800
Served asset /bootstrap-typeahead.js - 200 OK (4ms)


Started GET "/assets/application.js?body=1" for 127.0.0.1 at 2013-01-07 11:31:29 +0800
Served asset /cocoon.js - 200 OK (6ms)


Started GET "/assets/font-awesome/font/fontawesome-webfont.woff" for 127.0.0.1 at 2013-01-07 11:31:29 +0800
Served asset /font-awesome/font/fontawesome-webfont.woff - 200 OK (5ms)
Served asset /bootstrap.js - 200 OK (48ms)


Started GET "/assets/logo-web.png" for 127.0.0.1 at 2013-01-07 11:31:29 +0800


Started GET "/assets/striped_lens.png" for 127.0.0.1 at 2013-01-07 11:31:29 +0800
Served asset /application.js - 200 OK (50ms)
Served asset /striped_lens.png - 200 OK (16ms)


Started GET "/assets/wood_pattern.png" for 127.0.0.1 at 2013-01-07 11:31:29 +0800
Served asset /logo-web.png - 200 OK (13ms)
Served asset /wood_pattern.png - 200 OK (15ms)


Started GET "/" for 127.0.0.1 at 2013-01-07 11:31:29 +0800
Processing by ProductsController#index as */*
  [1m[36mBanner Load (0.2ms)[0m  [1mSELECT `banners`.* FROM `banners` WHERE (start_date < '2013-01-07 03:31:30' and end_date > '2013-01-07 03:31:30')[0m
  [1m[35mActsAsTaggableOn::Tag Load (0.3ms)[0m  SELECT tags.*, taggings.tags_count AS count FROM `tags` JOIN (SELECT taggings.tag_id, COUNT(taggings.tag_id) AS tags_count FROM `taggings` INNER JOIN products ON products.id = taggings.taggable_id WHERE (taggings.taggable_type = 'Product' AND taggings.context = 'tags') AND (taggings.taggable_id IN(SELECT products.id FROM `products` ORDER BY created_at desc)) GROUP BY taggings.tag_id HAVING COUNT(taggings.tag_id) > 0) AS taggings ON taggings.tag_id = tags.id
  Rendered shared/_tags_aside.html.slim (10.8ms)
  [1m[36mProduct Load (0.4ms)[0m  [1mSELECT `products`.* FROM `products` WHERE `products`.`status` IN ('selling', 'replenish') ORDER BY created_at desc LIMIT 15 OFFSET 0[0m
  Rendered products/_products.html.slim (12.2ms)
  Rendered products/index.html.slim within layouts/application (103.1ms)
  Rendered shared/_user_status_panel.html.slim (4.9ms)
Completed 200 OK in 485ms (Views: 255.3ms | ActiveRecord: 9.3ms)


Started GET "/user_consignment" for 127.0.0.1 at 2013-01-07 11:31:59 +0800

AbstractController::ActionNotFound (The action 'consignment' could not be found for WelcomeController):
  actionpack (3.2.6) lib/abstract_controller/base.rb:116:in `process'
  actionpack (3.2.6) lib/abstract_controller/rendering.rb:45:in `process'
  actionpack (3.2.6) lib/action_controller/metal.rb:203:in `dispatch'
  actionpack (3.2.6) lib/action_controller/metal/rack_delegation.rb:14:in `dispatch'
  actionpack (3.2.6) lib/action_controller/metal.rb:246:in `block in action'
  actionpack (3.2.6) lib/action_dispatch/routing/route_set.rb:73:in `call'
  actionpack (3.2.6) lib/action_dispatch/routing/route_set.rb:73:in `dispatch'
  actionpack (3.2.6) lib/action_dispatch/routing/route_set.rb:36:in `call'
  journey (1.0.4) lib/journey/router.rb:68:in `block in call'
  journey (1.0.4) lib/journey/router.rb:56:in `each'
  journey (1.0.4) lib/journey/router.rb:56:in `call'
  actionpack (3.2.6) lib/action_dispatch/routing/route_set.rb:600:in `call'
  omniauth (1.1.1) lib/omniauth/strategy.rb:177:in `call!'
  omniauth (1.1.1) lib/omniauth/strategy.rb:157:in `call'
  warden (1.2.1) lib/warden/manager.rb:35:in `block in call'
  warden (1.2.1) lib/warden/manager.rb:34:in `catch'
  warden (1.2.1) lib/warden/manager.rb:34:in `call'
  actionpack (3.2.6) lib/action_dispatch/middleware/best_standards_support.rb:17:in `call'
  rack (1.4.1) lib/rack/etag.rb:23:in `call'
  rack (1.4.1) lib/rack/conditionalget.rb:25:in `call'
  actionpack (3.2.6) lib/action_dispatch/middleware/head.rb:14:in `call'
  actionpack (3.2.6) lib/action_dispatch/middleware/params_parser.rb:21:in `call'
  actionpack (3.2.6) lib/action_dispatch/middleware/flash.rb:242:in `call'
  rack (1.4.1) lib/rack/session/abstract/id.rb:205:in `context'
  rack (1.4.1) lib/rack/session/abstract/id.rb:200:in `call'
  actionpack (3.2.6) lib/action_dispatch/middleware/cookies.rb:338:in `call'
  activerecord (3.2.6) lib/active_record/query_cache.rb:64:in `call'
  activerecord (3.2.6) lib/active_record/connection_adapters/abstract/connection_pool.rb:473:in `call'
  actionpack (3.2.6) lib/action_dispatch/middleware/callbacks.rb:28:in `block in call'
  activesupport (3.2.6) lib/active_support/callbacks.rb:405:in `_run__1756566092685699947__call__502578303896877588__callbacks'
  activesupport (3.2.6) lib/active_support/callbacks.rb:405:in `__run_callback'
  activesupport (3.2.6) lib/active_support/callbacks.rb:385:in `_run_call_callbacks'
  activesupport (3.2.6) lib/active_support/callbacks.rb:81:in `run_callbacks'
  actionpack (3.2.6) lib/action_dispatch/middleware/callbacks.rb:27:in `call'
  actionpack (3.2.6) lib/action_dispatch/middleware/reloader.rb:65:in `call'
  actionpack (3.2.6) lib/action_dispatch/middleware/remote_ip.rb:31:in `call'
  actionpack (3.2.6) lib/action_dispatch/middleware/debug_exceptions.rb:16:in `call'
  actionpack (3.2.6) lib/action_dispatch/middleware/show_exceptions.rb:56:in `call'
  railties (3.2.6) lib/rails/rack/logger.rb:26:in `call_app'
  railties (3.2.6) lib/rails/rack/logger.rb:16:in `call'
  actionpack (3.2.6) lib/action_dispatch/middleware/request_id.rb:22:in `call'
  rack (1.4.1) lib/rack/methodoverride.rb:21:in `call'
  rack (1.4.1) lib/rack/runtime.rb:17:in `call'
  activesupport (3.2.6) lib/active_support/cache/strategy/local_cache.rb:72:in `call'
  rack (1.4.1) lib/rack/lock.rb:15:in `call'
  actionpack (3.2.6) lib/action_dispatch/middleware/static.rb:62:in `call'
  railties (3.2.6) lib/rails/engine.rb:479:in `call'
  railties (3.2.6) lib/rails/application.rb:220:in `call'
  railties (3.2.6) lib/rails/railtie/configurable.rb:30:in `method_missing'
  passenger (3.0.17) lib/phusion_passenger/rack/request_handler.rb:96:in `process_request'
  passenger (3.0.17) lib/phusion_passenger/abstract_request_handler.rb:516:in `accept_and_process_next_request'
  passenger (3.0.17) lib/phusion_passenger/abstract_request_handler.rb:274:in `main_loop'
  passenger (3.0.17) lib/phusion_passenger/rack/application_spawner.rb:206:in `start_request_handler'
  passenger (3.0.17) lib/phusion_passenger/rack/application_spawner.rb:171:in `block in handle_spawn_application'
  passenger (3.0.17) lib/phusion_passenger/utils.rb:470:in `safe_fork'
  passenger (3.0.17) lib/phusion_passenger/rack/application_spawner.rb:166:in `handle_spawn_application'
  passenger (3.0.17) lib/phusion_passenger/abstract_server.rb:357:in `server_main_loop'
  passenger (3.0.17) lib/phusion_passenger/abstract_server.rb:206:in `start_synchronously'
  passenger (3.0.17) lib/phusion_passenger/abstract_server.rb:180:in `start'
  passenger (3.0.17) lib/phusion_passenger/rack/application_spawner.rb:129:in `start'
  passenger (3.0.17) lib/phusion_passenger/spawn_manager.rb:253:in `block (2 levels) in spawn_rack_application'
  passenger (3.0.17) lib/phusion_passenger/abstract_server_collection.rb:132:in `lookup_or_add'
  passenger (3.0.17) lib/phusion_passenger/spawn_manager.rb:246:in `block in spawn_rack_application'
  passenger (3.0.17) lib/phusion_passenger/abstract_server_collection.rb:82:in `block in synchronize'
  <internal:prelude>:10:in `synchronize'
  passenger (3.0.17) lib/phusion_passenger/abstract_server_collection.rb:79:in `synchronize'
  passenger (3.0.17) lib/phusion_passenger/spawn_manager.rb:244:in `spawn_rack_application'
  passenger (3.0.17) lib/phusion_passenger/spawn_manager.rb:137:in `spawn_application'
  passenger (3.0.17) lib/phusion_passenger/spawn_manager.rb:275:in `handle_spawn_application'
  passenger (3.0.17) lib/phusion_passenger/abstract_server.rb:357:in `server_main_loop'
  passenger (3.0.17) lib/phusion_passenger/abstract_server.rb:206:in `start_synchronously'
  passenger (3.0.17) helper-scripts/passenger-spawn-server:99:in `<main>'


  Rendered /Users/Jimmy/.rvm/gems/ruby-1.9.3-p194/gems/actionpack-3.2.6/lib/action_dispatch/middleware/templates/rescues/unknown_action.erb within rescues/layout (0.6ms)


Started GET "/" for 127.0.0.1 at 2013-01-07 11:32:00 +0800
Processing by ProductsController#index as */*
  [1m[35mBanner Load (0.4ms)[0m  SELECT `banners`.* FROM `banners` WHERE (start_date < '2013-01-07 03:31:30' and end_date > '2013-01-07 03:31:30')
  [1m[36mActsAsTaggableOn::Tag Load (0.4ms)[0m  [1mSELECT tags.*, taggings.tags_count AS count FROM `tags` JOIN (SELECT taggings.tag_id, COUNT(taggings.tag_id) AS tags_count FROM `taggings` INNER JOIN products ON products.id = taggings.taggable_id WHERE (taggings.taggable_type = 'Product' AND taggings.context = 'tags') AND (taggings.taggable_id IN(SELECT products.id FROM `products` ORDER BY created_at desc)) GROUP BY taggings.tag_id HAVING COUNT(taggings.tag_id) > 0) AS taggings ON taggings.tag_id = tags.id[0m
  Rendered shared/_tags_aside.html.slim (0.9ms)
  [1m[35mProduct Load (0.3ms)[0m  SELECT `products`.* FROM `products` WHERE `products`.`status` IN ('selling', 'replenish') ORDER BY created_at desc LIMIT 15 OFFSET 0
  Rendered products/_products.html.slim (1.0ms)
  Rendered products/index.html.slim within layouts/application (5.0ms)
  Rendered shared/_user_status_panel.html.slim (0.8ms)
Completed 200 OK in 31ms (Views: 27.9ms | ActiveRecord: 1.1ms)


Started GET "/" for 127.0.0.1 at 2013-01-07 11:32:04 +0800
Processing by ProductsController#index as */*
  [1m[36mBanner Load (0.3ms)[0m  [1mSELECT `banners`.* FROM `banners` WHERE (start_date < '2013-01-07 03:31:30' and end_date > '2013-01-07 03:31:30')[0m
  [1m[35mActsAsTaggableOn::Tag Load (0.4ms)[0m  SELECT tags.*, taggings.tags_count AS count FROM `tags` JOIN (SELECT taggings.tag_id, COUNT(taggings.tag_id) AS tags_count FROM `taggings` INNER JOIN products ON products.id = taggings.taggable_id WHERE (taggings.taggable_type = 'Product' AND taggings.context = 'tags') AND (taggings.taggable_id IN(SELECT products.id FROM `products` ORDER BY created_at desc)) GROUP BY taggings.tag_id HAVING COUNT(taggings.tag_id) > 0) AS taggings ON taggings.tag_id = tags.id
  Rendered shared/_tags_aside.html.slim (0.9ms)
  [1m[36mProduct Load (0.2ms)[0m  [1mSELECT `products`.* FROM `products` WHERE `products`.`status` IN ('selling', 'replenish') ORDER BY created_at desc LIMIT 15 OFFSET 0[0m
  Rendered products/_products.html.slim (1.0ms)
  Rendered products/index.html.slim within layouts/application (5.0ms)
  Rendered shared/_user_status_panel.html.slim (0.8ms)
Completed 200 OK in 36ms (Views: 33.5ms | ActiveRecord: 1.0ms)


Started GET "/user_consignment" for 127.0.0.1 at 2013-01-07 11:32:06 +0800

AbstractController::ActionNotFound (The action 'consignment' could not be found for WelcomeController):
  actionpack (3.2.6) lib/abstract_controller/base.rb:116:in `process'
  actionpack (3.2.6) lib/abstract_controller/rendering.rb:45:in `process'
  actionpack (3.2.6) lib/action_controller/metal.rb:203:in `dispatch'
  actionpack (3.2.6) lib/action_controller/metal/rack_delegation.rb:14:in `dispatch'
  actionpack (3.2.6) lib/action_controller/metal.rb:246:in `block in action'
  actionpack (3.2.6) lib/action_dispatch/routing/route_set.rb:73:in `call'
  actionpack (3.2.6) lib/action_dispatch/routing/route_set.rb:73:in `dispatch'
  actionpack (3.2.6) lib/action_dispatch/routing/route_set.rb:36:in `call'
  journey (1.0.4) lib/journey/router.rb:68:in `block in call'
  journey (1.0.4) lib/journey/router.rb:56:in `each'
  journey (1.0.4) lib/journey/router.rb:56:in `call'
  actionpack (3.2.6) lib/action_dispatch/routing/route_set.rb:600:in `call'
  omniauth (1.1.1) lib/omniauth/strategy.rb:177:in `call!'
  omniauth (1.1.1) lib/omniauth/strategy.rb:157:in `call'
  warden (1.2.1) lib/warden/manager.rb:35:in `block in call'
  warden (1.2.1) lib/warden/manager.rb:34:in `catch'
  warden (1.2.1) lib/warden/manager.rb:34:in `call'
  actionpack (3.2.6) lib/action_dispatch/middleware/best_standards_support.rb:17:in `call'
  rack (1.4.1) lib/rack/etag.rb:23:in `call'
  rack (1.4.1) lib/rack/conditionalget.rb:25:in `call'
  actionpack (3.2.6) lib/action_dispatch/middleware/head.rb:14:in `call'
  actionpack (3.2.6) lib/action_dispatch/middleware/params_parser.rb:21:in `call'
  actionpack (3.2.6) lib/action_dispatch/middleware/flash.rb:242:in `call'
  rack (1.4.1) lib/rack/session/abstract/id.rb:205:in `context'
  rack (1.4.1) lib/rack/session/abstract/id.rb:200:in `call'
  actionpack (3.2.6) lib/action_dispatch/middleware/cookies.rb:338:in `call'
  activerecord (3.2.6) lib/active_record/query_cache.rb:64:in `call'
  activerecord (3.2.6) lib/active_record/connection_adapters/abstract/connection_pool.rb:473:in `call'
  actionpack (3.2.6) lib/action_dispatch/middleware/callbacks.rb:28:in `block in call'
  activesupport (3.2.6) lib/active_support/callbacks.rb:405:in `_run__1756566092685699947__call__502578303896877588__callbacks'
  activesupport (3.2.6) lib/active_support/callbacks.rb:405:in `__run_callback'
  activesupport (3.2.6) lib/active_support/callbacks.rb:385:in `_run_call_callbacks'
  activesupport (3.2.6) lib/active_support/callbacks.rb:81:in `run_callbacks'
  actionpack (3.2.6) lib/action_dispatch/middleware/callbacks.rb:27:in `call'
  actionpack (3.2.6) lib/action_dispatch/middleware/reloader.rb:65:in `call'
  actionpack (3.2.6) lib/action_dispatch/middleware/remote_ip.rb:31:in `call'
  actionpack (3.2.6) lib/action_dispatch/middleware/debug_exceptions.rb:16:in `call'
  actionpack (3.2.6) lib/action_dispatch/middleware/show_exceptions.rb:56:in `call'
  railties (3.2.6) lib/rails/rack/logger.rb:26:in `call_app'
  railties (3.2.6) lib/rails/rack/logger.rb:16:in `call'
  actionpack (3.2.6) lib/action_dispatch/middleware/request_id.rb:22:in `call'
  rack (1.4.1) lib/rack/methodoverride.rb:21:in `call'
  rack (1.4.1) lib/rack/runtime.rb:17:in `call'
  activesupport (3.2.6) lib/active_support/cache/strategy/local_cache.rb:72:in `call'
  rack (1.4.1) lib/rack/lock.rb:15:in `call'
  actionpack (3.2.6) lib/action_dispatch/middleware/static.rb:62:in `call'
  railties (3.2.6) lib/rails/engine.rb:479:in `call'
  railties (3.2.6) lib/rails/application.rb:220:in `call'
  railties (3.2.6) lib/rails/railtie/configurable.rb:30:in `method_missing'
  passenger (3.0.17) lib/phusion_passenger/rack/request_handler.rb:96:in `process_request'
  passenger (3.0.17) lib/phusion_passenger/abstract_request_handler.rb:516:in `accept_and_process_next_request'
  passenger (3.0.17) lib/phusion_passenger/abstract_request_handler.rb:274:in `main_loop'
  passenger (3.0.17) lib/phusion_passenger/rack/application_spawner.rb:206:in `start_request_handler'
  passenger (3.0.17) lib/phusion_passenger/rack/application_spawner.rb:171:in `block in handle_spawn_application'
  passenger (3.0.17) lib/phusion_passenger/utils.rb:470:in `safe_fork'
  passenger (3.0.17) lib/phusion_passenger/rack/application_spawner.rb:166:in `handle_spawn_application'
  passenger (3.0.17) lib/phusion_passenger/abstract_server.rb:357:in `server_main_loop'
  passenger (3.0.17) lib/phusion_passenger/abstract_server.rb:206:in `start_synchronously'
  passenger (3.0.17) lib/phusion_passenger/abstract_server.rb:180:in `start'
  passenger (3.0.17) lib/phusion_passenger/rack/application_spawner.rb:129:in `start'
  passenger (3.0.17) lib/phusion_passenger/spawn_manager.rb:253:in `block (2 levels) in spawn_rack_application'
  passenger (3.0.17) lib/phusion_passenger/abstract_server_collection.rb:132:in `lookup_or_add'
  passenger (3.0.17) lib/phusion_passenger/spawn_manager.rb:246:in `block in spawn_rack_application'
  passenger (3.0.17) lib/phusion_passenger/abstract_server_collection.rb:82:in `block in synchronize'
  <internal:prelude>:10:in `synchronize'
  passenger (3.0.17) lib/phusion_passenger/abstract_server_collection.rb:79:in `synchronize'
  passenger (3.0.17) lib/phusion_passenger/spawn_manager.rb:244:in `spawn_rack_application'
  passenger (3.0.17) lib/phusion_passenger/spawn_manager.rb:137:in `spawn_application'
  passenger (3.0.17) lib/phusion_passenger/spawn_manager.rb:275:in `handle_spawn_application'
  passenger (3.0.17) lib/phusion_passenger/abstract_server.rb:357:in `server_main_loop'
  passenger (3.0.17) lib/phusion_passenger/abstract_server.rb:206:in `start_synchronously'
  passenger (3.0.17) helper-scripts/passenger-spawn-server:99:in `<main>'


  Rendered /Users/Jimmy/.rvm/gems/ruby-1.9.3-p194/gems/actionpack-3.2.6/lib/action_dispatch/middleware/templates/rescues/unknown_action.erb within rescues/layout (0.3ms)


Started GET "/" for 127.0.0.1 at 2013-01-07 11:32:06 +0800
Processing by ProductsController#index as */*
  [1m[35mBanner Load (0.3ms)[0m  SELECT `banners`.* FROM `banners` WHERE (start_date < '2013-01-07 03:31:30' and end_date > '2013-01-07 03:31:30')
  [1m[36mActsAsTaggableOn::Tag Load (0.4ms)[0m  [1mSELECT tags.*, taggings.tags_count AS count FROM `tags` JOIN (SELECT taggings.tag_id, COUNT(taggings.tag_id) AS tags_count FROM `taggings` INNER JOIN products ON products.id = taggings.taggable_id WHERE (taggings.taggable_type = 'Product' AND taggings.context = 'tags') AND (taggings.taggable_id IN(SELECT products.id FROM `products` ORDER BY created_at desc)) GROUP BY taggings.tag_id HAVING COUNT(taggings.tag_id) > 0) AS taggings ON taggings.tag_id = tags.id[0m
  Rendered shared/_tags_aside.html.slim (0.9ms)
  [1m[35mProduct Load (0.3ms)[0m  SELECT `products`.* FROM `products` WHERE `products`.`status` IN ('selling', 'replenish') ORDER BY created_at desc LIMIT 15 OFFSET 0
  Rendered products/_products.html.slim (1.2ms)
  Rendered products/index.html.slim within layouts/application (7.6ms)
  Rendered shared/_user_status_panel.html.slim (1.2ms)
Completed 200 OK in 61ms (Views: 58.4ms | ActiveRecord: 0.9ms)


Started GET "/" for 127.0.0.1 at 2013-01-07 11:32:08 +0800
Processing by ProductsController#index as */*
  [1m[36mBanner Load (0.3ms)[0m  [1mSELECT `banners`.* FROM `banners` WHERE (start_date < '2013-01-07 03:31:30' and end_date > '2013-01-07 03:31:30')[0m
  [1m[35mActsAsTaggableOn::Tag Load (0.6ms)[0m  SELECT tags.*, taggings.tags_count AS count FROM `tags` JOIN (SELECT taggings.tag_id, COUNT(taggings.tag_id) AS tags_count FROM `taggings` INNER JOIN products ON products.id = taggings.taggable_id WHERE (taggings.taggable_type = 'Product' AND taggings.context = 'tags') AND (taggings.taggable_id IN(SELECT products.id FROM `products` ORDER BY created_at desc)) GROUP BY taggings.tag_id HAVING COUNT(taggings.tag_id) > 0) AS taggings ON taggings.tag_id = tags.id
  Rendered shared/_tags_aside.html.slim (1.0ms)
  [1m[36mProduct Load (0.2ms)[0m  [1mSELECT `products`.* FROM `products` WHERE `products`.`status` IN ('selling', 'replenish') ORDER BY created_at desc LIMIT 15 OFFSET 0[0m
  Rendered products/_products.html.slim (1.0ms)
  Rendered products/index.html.slim within layouts/application (5.3ms)
  Rendered shared/_user_status_panel.html.slim (0.8ms)
Completed 200 OK in 37ms (Views: 34.6ms | ActiveRecord: 1.0ms)


Started GET "/" for 127.0.0.1 at 2013-01-07 11:32:10 +0800
Processing by ProductsController#index as HTML
  [1m[35mBanner Load (0.4ms)[0m  SELECT `banners`.* FROM `banners` WHERE (start_date < '2013-01-07 03:31:30' and end_date > '2013-01-07 03:31:30')
  [1m[36mActsAsTaggableOn::Tag Load (0.4ms)[0m  [1mSELECT tags.*, taggings.tags_count AS count FROM `tags` JOIN (SELECT taggings.tag_id, COUNT(taggings.tag_id) AS tags_count FROM `taggings` INNER JOIN products ON products.id = taggings.taggable_id WHERE (taggings.taggable_type = 'Product' AND taggings.context = 'tags') AND (taggings.taggable_id IN(SELECT products.id FROM `products` ORDER BY created_at desc)) GROUP BY taggings.tag_id HAVING COUNT(taggings.tag_id) > 0) AS taggings ON taggings.tag_id = tags.id[0m
  Rendered shared/_tags_aside.html.slim (0.8ms)
  [1m[35mProduct Load (0.2ms)[0m  SELECT `products`.* FROM `products` WHERE `products`.`status` IN ('selling', 'replenish') ORDER BY created_at desc LIMIT 15 OFFSET 0
  Rendered products/_products.html.slim (0.9ms)
  Rendered products/index.html.slim within layouts/application (10.3ms)
  Rendered shared/_user_status_panel.html.slim (0.7ms)
Completed 200 OK in 31ms (Views: 28.8ms | ActiveRecord: 1.0ms)


Started GET "/assets/jquery_ujs.js?body=1" for 127.0.0.1 at 2013-01-07 11:32:10 +0800


Started GET "/assets/common.js?body=1" for 127.0.0.1 at 2013-01-07 11:32:10 +0800


Started GET "/assets/jquery.js?body=1" for 127.0.0.1 at 2013-01-07 11:32:10 +0800
Served asset /jquery.js - 304 Not Modified (0ms)
Served asset /jquery_ujs.js - 304 Not Modified (2ms)


Started GET "/assets/bootstrap-transition.js?body=1" for 127.0.0.1 at 2013-01-07 11:32:10 +0800
Served asset /bootstrap-transition.js - 304 Not Modified (2ms)


Started GET "/assets/bootstrap-alert.js?body=1" for 127.0.0.1 at 2013-01-07 11:32:10 +0800
Served asset /common.js - 304 Not Modified (0ms)


Started GET "/assets/bootstrap-button.js?body=1" for 127.0.0.1 at 2013-01-07 11:32:10 +0800
Served asset /bootstrap-alert.js - 304 Not Modified (0ms)


Started GET "/assets/bootstrap-dropdown.js?body=1" for 127.0.0.1 at 2013-01-07 11:32:10 +0800


Started GET "/assets/products.js?body=1" for 127.0.0.1 at 2013-01-07 11:32:10 +0800
Served asset /bootstrap-button.js - 304 Not Modified (5ms)
Served asset /products.js - 304 Not Modified (0ms)


Started GET "/assets/bootstrap-collapse.js?body=1" for 127.0.0.1 at 2013-01-07 11:32:10 +0800


Started GET "/assets/bootstrap-modal.js?body=1" for 127.0.0.1 at 2013-01-07 11:32:10 +0800
Served asset /bootstrap-dropdown.js - 304 Not Modified (0ms)


Started GET "/assets/bootstrap-tooltip.js?body=1" for 127.0.0.1 at 2013-01-07 11:32:10 +0800
Served asset /bootstrap-modal.js - 304 Not Modified (5ms)


Started GET "/assets/bootstrap-tab.js?body=1" for 127.0.0.1 at 2013-01-07 11:32:10 +0800
Served asset /bootstrap-collapse.js - 304 Not Modified (2ms)


Started GET "/assets/bootstrap-popover.js?body=1" for 127.0.0.1 at 2013-01-07 11:32:10 +0800
Served asset /bootstrap-popover.js - 304 Not Modified (2ms)
Served asset /bootstrap-tab.js - 304 Not Modified (0ms)


Started GET "/assets/bootstrap.js?body=1" for 127.0.0.1 at 2013-01-07 11:32:10 +0800


Started GET "/assets/jquery_nested_form.js?body=1" for 127.0.0.1 at 2013-01-07 11:32:10 +0800
Served asset /jquery_nested_form.js - 304 Not Modified (0ms)


Started GET "/assets/bootstrap-scrollspy.js?body=1" for 127.0.0.1 at 2013-01-07 11:32:10 +0800
Served asset /bootstrap-tooltip.js - 304 Not Modified (3ms)


Started GET "/assets/cocoon.js?body=1" for 127.0.0.1 at 2013-01-07 11:32:10 +0800


Started GET "/assets/bootstrap-carousel.js?body=1" for 127.0.0.1 at 2013-01-07 11:32:10 +0800
Served asset /cocoon.js - 304 Not Modified (0ms)


Started GET "/assets/application.js?body=1" for 127.0.0.1 at 2013-01-07 11:32:10 +0800
Served asset /bootstrap.js - 304 Not Modified (42ms)


Started GET "/assets/bootstrap-typeahead.js?body=1" for 127.0.0.1 at 2013-01-07 11:32:10 +0800
Served asset /bootstrap-scrollspy.js - 304 Not Modified (5ms)
Served asset /bootstrap-carousel.js - 304 Not Modified (8ms)
Served asset /application.js - 304 Not Modified (38ms)
Served asset /bootstrap-typeahead.js - 304 Not Modified (4ms)


Started GET "/" for 127.0.0.1 at 2013-01-07 11:32:10 +0800
Processing by ProductsController#index as */*
  [1m[36mBanner Load (0.3ms)[0m  [1mSELECT `banners`.* FROM `banners` WHERE (start_date < '2013-01-07 03:32:11' and end_date > '2013-01-07 03:32:11')[0m
  [1m[35mActsAsTaggableOn::Tag Load (0.3ms)[0m  SELECT tags.*, taggings.tags_count AS count FROM `tags` JOIN (SELECT taggings.tag_id, COUNT(taggings.tag_id) AS tags_count FROM `taggings` INNER JOIN products ON products.id = taggings.taggable_id WHERE (taggings.taggable_type = 'Product' AND taggings.context = 'tags') AND (taggings.taggable_id IN(SELECT products.id FROM `products` ORDER BY created_at desc)) GROUP BY taggings.tag_id HAVING COUNT(taggings.tag_id) > 0) AS taggings ON taggings.tag_id = tags.id
  Rendered shared/_tags_aside.html.slim (6.0ms)
  [1m[36mProduct Load (0.4ms)[0m  [1mSELECT `products`.* FROM `products` WHERE `products`.`status` IN ('selling', 'replenish') ORDER BY created_at desc LIMIT 15 OFFSET 0[0m
  Rendered products/_products.html.slim (11.7ms)
  Rendered products/index.html.slim within layouts/application (94.0ms)
  Rendered shared/_user_status_panel.html.slim (51.4ms)
Completed 200 OK in 462ms (Views: 288.1ms | ActiveRecord: 4.3ms)


Started GET "/consignments/new" for 127.0.0.1 at 2013-01-07 11:32:11 +0800
Processing by ConsignmentsController#new as HTML
Completed 401 Unauthorized in 21ms


Started GET "/signin" for 127.0.0.1 at 2013-01-07 11:32:12 +0800
Processing by Devise::SessionsController#new as HTML
  Rendered devise/shared/_links.slim (4.0ms)
  Rendered devise/sessions/new.html.slim within layouts/application (26.2ms)
  Rendered shared/_user_status_panel.html.slim (0.7ms)
Completed 200 OK in 138ms (Views: 47.5ms | ActiveRecord: 2.8ms)


Started GET "/assets/jquery.js?body=1" for 127.0.0.1 at 2013-01-07 11:32:12 +0800


Started GET "/assets/jquery_ujs.js?body=1" for 127.0.0.1 at 2013-01-07 11:32:12 +0800


Started GET "/assets/common.js?body=1" for 127.0.0.1 at 2013-01-07 11:32:12 +0800


Started GET "/assets/bootstrap-transition.js?body=1" for 127.0.0.1 at 2013-01-07 11:32:12 +0800


Started GET "/assets/products.js?body=1" for 127.0.0.1 at 2013-01-07 11:32:12 +0800
Served asset /bootstrap-transition.js - 304 Not Modified (0ms)
Served asset /jquery_ujs.js - 304 Not Modified (0ms)


Started GET "/assets/bootstrap-button.js?body=1" for 127.0.0.1 at 2013-01-07 11:32:12 +0800


Started GET "/assets/bootstrap-carousel.js?body=1" for 127.0.0.1 at 2013-01-07 11:32:12 +0800


Started GET "/assets/bootstrap-alert.js?body=1" for 127.0.0.1 at 2013-01-07 11:32:12 +0800
Served asset /products.js - 304 Not Modified (3ms)
Served asset /bootstrap-button.js - 304 Not Modified (4ms)
Served asset /common.js - 304 Not Modified (3ms)


Started GET "/assets/bootstrap-collapse.js?body=1" for 127.0.0.1 at 2013-01-07 11:32:12 +0800


Started GET "/assets/bootstrap-dropdown.js?body=1" for 127.0.0.1 at 2013-01-07 11:32:12 +0800
Served asset /bootstrap-carousel.js - 304 Not Modified (2ms)
Served asset /bootstrap-collapse.js - 304 Not Modified (0ms)


Started GET "/assets/bootstrap-modal.js?body=1" for 127.0.0.1 at 2013-01-07 11:32:12 +0800


Started GET "/assets/bootstrap-tab.js?body=1" for 127.0.0.1 at 2013-01-07 11:32:12 +0800


Started GET "/assets/bootstrap-scrollspy.js?body=1" for 127.0.0.1 at 2013-01-07 11:32:12 +0800
Served asset /bootstrap-modal.js - 304 Not Modified (2ms)
Served asset /bootstrap-dropdown.js - 304 Not Modified (10ms)
Served asset /bootstrap-alert.js - 304 Not Modified (11ms)
Served asset /bootstrap-scrollspy.js - 304 Not Modified (0ms)


Started GET "/assets/bootstrap-popover.js?body=1" for 127.0.0.1 at 2013-01-07 11:32:12 +0800
Served asset /bootstrap-tab.js - 304 Not Modified (2ms)
Served asset /jquery.js - 304 Not Modified (43ms)


Started GET "/assets/bootstrap-typeahead.js?body=1" for 127.0.0.1 at 2013-01-07 11:32:12 +0800


Started GET "/assets/bootstrap-tooltip.js?body=1" for 127.0.0.1 at 2013-01-07 11:32:12 +0800


Started GET "/assets/bootstrap.js?body=1" for 127.0.0.1 at 2013-01-07 11:32:12 +0800


Started GET "/assets/cocoon.js?body=1" for 127.0.0.1 at 2013-01-07 11:32:12 +0800
Served asset /bootstrap-typeahead.js - 304 Not Modified (2ms)


Started GET "/assets/jquery_nested_form.js?body=1" for 127.0.0.1 at 2013-01-07 11:32:12 +0800
Served asset /bootstrap-tooltip.js - 304 Not Modified (2ms)
Served asset /bootstrap-popover.js - 304 Not Modified (0ms)
Served asset /cocoon.js - 304 Not Modified (7ms)


Started GET "/assets/application.js?body=1" for 127.0.0.1 at 2013-01-07 11:32:12 +0800
Served asset /jquery_nested_form.js - 304 Not Modified (3ms)
Served asset /bootstrap.js - 304 Not Modified (16ms)
Served asset /application.js - 304 Not Modified (76ms)


Started GET "/" for 127.0.0.1 at 2013-01-07 11:32:12 +0800
Processing by ProductsController#index as */*
  [1m[35mBanner Load (0.4ms)[0m  SELECT `banners`.* FROM `banners` WHERE (start_date < '2013-01-07 03:31:25' and end_date > '2013-01-07 03:31:25')
  [1m[36mActsAsTaggableOn::Tag Load (0.4ms)[0m  [1mSELECT tags.*, taggings.tags_count AS count FROM `tags` JOIN (SELECT taggings.tag_id, COUNT(taggings.tag_id) AS tags_count FROM `taggings` INNER JOIN products ON products.id = taggings.taggable_id WHERE (taggings.taggable_type = 'Product' AND taggings.context = 'tags') AND (taggings.taggable_id IN(SELECT products.id FROM `products` ORDER BY created_at desc)) GROUP BY taggings.tag_id HAVING COUNT(taggings.tag_id) > 0) AS taggings ON taggings.tag_id = tags.id[0m
  Rendered shared/_tags_aside.html.slim (0.9ms)
  [1m[35mProduct Load (0.3ms)[0m  SELECT `products`.* FROM `products` WHERE `products`.`status` IN ('selling', 'replenish') ORDER BY created_at desc LIMIT 15 OFFSET 0
  Rendered products/_products.html.slim (1.1ms)
  Rendered products/index.html.slim within layouts/application (12.3ms)
  Rendered shared/_user_status_panel.html.slim (0.9ms)
Completed 200 OK in 39ms (Views: 35.9ms | ActiveRecord: 1.1ms)


Started GET "/users/auth/facebook" for 127.0.0.1 at 2013-01-07 11:32:15 +0800


Started GET "/users/auth/facebook/callback?state=cb96725aff8c8598cacb5ed80fa33fb8254925f701c3b55e&code=AQC2u2g3bzNtqcDn36Ou58JUdeXXkoF32ZvOTSXWjKyivwhwISF3J65Q2kb_UBzNKCeCelgM1fuzE_K_c-_XktWYWmrPk6IpHeID_ZxKr89O3P4d3amaCMYTr3416x-MvbwATdSfSFOankDn5rOSy7OYmSvKgvoVusFc_esVEWnBtX3qCZOpjoWbIymWGiBW_ZaQar-M70-wRUvTYUd-0J1W" for 127.0.0.1 at 2013-01-07 11:32:16 +0800
Processing by OmniauthCallbacksController#facebook as HTML
  Parameters: {"state"=>"cb96725aff8c8598cacb5ed80fa33fb8254925f701c3b55e", "code"=>"AQC2u2g3bzNtqcDn36Ou58JUdeXXkoF32ZvOTSXWjKyivwhwISF3J65Q2kb_UBzNKCeCelgM1fuzE_K_c-_XktWYWmrPk6IpHeID_ZxKr89O3P4d3amaCMYTr3416x-MvbwATdSfSFOankDn5rOSy7OYmSvKgvoVusFc_esVEWnBtX3qCZOpjoWbIymWGiBW_ZaQar-M70-wRUvTYUd-0J1W"}
  [1m[36mUser Load (0.2ms)[0m  [1mSELECT `users`.* FROM `users` WHERE `users`.`provider` = 'facebook' AND `users`.`uid` = '1589145634' LIMIT 1[0m
  [1m[35m (0.2ms)[0m  BEGIN
  [1m[36mSQL (0.4ms)[0m  [1mINSERT INTO `users` (`account`, `account_num`, `address`, `bank`, `bank_num`, `chinese_name`, `confirmation_sent_at`, `confirmation_token`, `confirmed_at`, `created_at`, `current_sign_in_at`, `current_sign_in_ip`, `email`, `encrypted_password`, `is_admin`, `last_sign_in_at`, `last_sign_in_ip`, `marketing`, `money_already_earned`, `money_can_apply`, `phone`, `provider`, `remember_created_at`, `reset_password_sent_at`, `reset_password_token`, `sign_in_count`, `terms`, `uid`, `unconfirmed_email`, `updated_at`, `username`) VALUES (NULL, NULL, NULL, NULL, NULL, NULL, NULL, NULL, '2013-01-07 03:32:18', '2013-01-07 03:32:18', NULL, NULL, 'jimmy@gogojimmy.net', '', 0, NULL, NULL, 1, 0, 0, NULL, 'facebook', NULL, NULL, NULL, 0, 1, '1589145634', NULL, '2013-01-07 03:32:18', 'Jimmy Kuo')[0m
  [1m[35m (0.4ms)[0m  COMMIT
  [1m[36m (0.1ms)[0m  [1mBEGIN[0m
  [1m[35m (0.1ms)[0m  COMMIT
  [1m[36m (0.1ms)[0m  [1mBEGIN[0m
  [1m[35m (0.3ms)[0m  UPDATE `users` SET `last_sign_in_at` = '2013-01-07 03:32:18', `current_sign_in_at` = '2013-01-07 03:32:18', `last_sign_in_ip` = '127.0.0.1', `current_sign_in_ip` = '127.0.0.1', `sign_in_count` = 1, `updated_at` = '2013-01-07 03:32:18' WHERE `users`.`id` = 1
  [1m[36m (22.0ms)[0m  [1mCOMMIT[0m
Redirected to http://babysworld.local/consignments/new
Completed 302 Found in 103ms (ActiveRecord: 27.0ms)


Started GET "/consignments/new" for 127.0.0.1 at 2013-01-07 11:32:18 +0800
Processing by ConsignmentsController#new as HTML
  [1m[35mUser Load (0.3ms)[0m  SELECT `users`.* FROM `users` WHERE `users`.`id` = 1 LIMIT 1
  Rendered consignments/_consignment_product_fields.html.slim (124.4ms)
  Rendered consignments/_consignment_product_fields.html.slim (85.4ms)
  Rendered consignments/_form.html.slim (231.9ms)
  Rendered consignments/new.html.slim within layouts/application (234.9ms)
  Rendered shared/_user_status_panel.html.slim (1.3ms)
Completed 200 OK in 389ms (Views: 255.5ms | ActiveRecord: 5.0ms)


Started GET "/assets/jquery_ujs.js?body=1" for 127.0.0.1 at 2013-01-07 11:32:19 +0800


Started GET "/assets/products.js?body=1" for 127.0.0.1 at 2013-01-07 11:32:19 +0800


Started GET "/assets/jquery.js?body=1" for 127.0.0.1 at 2013-01-07 11:32:19 +0800


Started GET "/assets/bootstrap-alert.js?body=1" for 127.0.0.1 at 2013-01-07 11:32:19 +0800


Started GET "/assets/common.js?body=1" for 127.0.0.1 at 2013-01-07 11:32:19 +0800
Served asset /jquery_ujs.js - 304 Not Modified (0ms)


Started GET "/assets/bootstrap-transition.js?body=1" for 127.0.0.1 at 2013-01-07 11:32:19 +0800


Started GET "/assets/bootstrap-button.js?body=1" for 127.0.0.1 at 2013-01-07 11:32:19 +0800
Served asset /common.js - 304 Not Modified (2ms)
Served asset /bootstrap-alert.js - 304 Not Modified (0ms)
Served asset /products.js - 304 Not Modified (1ms)


Started GET "/assets/bootstrap-carousel.js?body=1" for 127.0.0.1 at 2013-01-07 11:32:19 +0800


Started GET "/assets/bootstrap-collapse.js?body=1" for 127.0.0.1 at 2013-01-07 11:32:19 +0800


Started GET "/assets/bootstrap-dropdown.js?body=1" for 127.0.0.1 at 2013-01-07 11:32:19 +0800
Served asset /bootstrap-transition.js - 304 Not Modified (3ms)
Served asset /bootstrap-dropdown.js - 304 Not Modified (2ms)


Started GET "/assets/bootstrap-modal.js?body=1" for 127.0.0.1 at 2013-01-07 11:32:19 +0800
Served asset /bootstrap-collapse.js - 304 Not Modified (3ms)


Started GET "/assets/bootstrap-scrollspy.js?body=1" for 127.0.0.1 at 2013-01-07 11:32:19 +0800
Served asset /bootstrap-carousel.js - 304 Not Modified (0ms)


Started GET "/assets/bootstrap-tab.js?body=1" for 127.0.0.1 at 2013-01-07 11:32:19 +0800
Served asset /bootstrap-button.js - 304 Not Modified (0ms)
Served asset /bootstrap-scrollspy.js - 304 Not Modified (2ms)
Served asset /jquery.js - 304 Not Modified (5ms)
Served asset /bootstrap-modal.js - 304 Not Modified (5ms)


Started GET "/assets/bootstrap-tooltip.js?body=1" for 127.0.0.1 at 2013-01-07 11:32:19 +0800
Served asset /bootstrap-tab.js - 304 Not Modified (2ms)


Started GET "/assets/bootstrap-popover.js?body=1" for 127.0.0.1 at 2013-01-07 11:32:19 +0800


Started GET "/assets/bootstrap-typeahead.js?body=1" for 127.0.0.1 at 2013-01-07 11:32:19 +0800


Started GET "/assets/bootstrap.js?body=1" for 127.0.0.1 at 2013-01-07 11:32:19 +0800


Started GET "/assets/jquery_nested_form.js?body=1" for 127.0.0.1 at 2013-01-07 11:32:19 +0800
Served asset /bootstrap-tooltip.js - 304 Not Modified (0ms)
Served asset /bootstrap-popover.js - 304 Not Modified (0ms)


Started GET "/assets/cocoon.js?body=1" for 127.0.0.1 at 2013-01-07 11:32:19 +0800


Started GET "/assets/application.js?body=1" for 127.0.0.1 at 2013-01-07 11:32:19 +0800
Served asset /bootstrap-typeahead.js - 304 Not Modified (2ms)
Served asset /application.js - 304 Not Modified (1ms)
Served asset /bootstrap.js - 304 Not Modified (23ms)
Served asset /jquery_nested_form.js - 304 Not Modified (0ms)
Served asset /cocoon.js - 304 Not Modified (2ms)


Started GET "/" for 127.0.0.1 at 2013-01-07 11:32:19 +0800
Processing by ProductsController#index as */*
  [1m[36mBanner Load (0.2ms)[0m  [1mSELECT `banners`.* FROM `banners` WHERE (start_date < '2013-01-07 03:32:20' and end_date > '2013-01-07 03:32:20')[0m
  [1m[35mActsAsTaggableOn::Tag Load (0.3ms)[0m  SELECT tags.*, taggings.tags_count AS count FROM `tags` JOIN (SELECT taggings.tag_id, COUNT(taggings.tag_id) AS tags_count FROM `taggings` INNER JOIN products ON products.id = taggings.taggable_id WHERE (taggings.taggable_type = 'Product' AND taggings.context = 'tags') AND (taggings.taggable_id IN(SELECT products.id FROM `products` ORDER BY created_at desc)) GROUP BY taggings.tag_id HAVING COUNT(taggings.tag_id) > 0) AS taggings ON taggings.tag_id = tags.id
  Rendered shared/_tags_aside.html.slim (6.0ms)
  [1m[36mProduct Load (0.4ms)[0m  [1mSELECT `products`.* FROM `products` WHERE `products`.`status` IN ('selling', 'replenish') ORDER BY created_at desc LIMIT 15 OFFSET 0[0m
  Rendered products/_products.html.slim (11.4ms)
  Rendered products/index.html.slim within layouts/application (157.1ms)
  [1m[35mUser Load (0.3ms)[0m  SELECT `users`.* FROM `users` WHERE `users`.`id` = 1 LIMIT 1
  Rendered shared/_user_status_panel.html.slim (48.9ms)
Completed 200 OK in 634ms (Views: 338.3ms | ActiveRecord: 66.7ms)


Started GET "/user_consignment" for 127.0.0.1 at 2013-01-07 11:32:22 +0800

AbstractController::ActionNotFound (The action 'consignment' could not be found for WelcomeController):
  actionpack (3.2.6) lib/abstract_controller/base.rb:116:in `process'
  actionpack (3.2.6) lib/abstract_controller/rendering.rb:45:in `process'
  actionpack (3.2.6) lib/action_controller/metal.rb:203:in `dispatch'
  actionpack (3.2.6) lib/action_controller/metal/rack_delegation.rb:14:in `dispatch'
  actionpack (3.2.6) lib/action_controller/metal.rb:246:in `block in action'
  actionpack (3.2.6) lib/action_dispatch/routing/route_set.rb:73:in `call'
  actionpack (3.2.6) lib/action_dispatch/routing/route_set.rb:73:in `dispatch'
  actionpack (3.2.6) lib/action_dispatch/routing/route_set.rb:36:in `call'
  journey (1.0.4) lib/journey/router.rb:68:in `block in call'
  journey (1.0.4) lib/journey/router.rb:56:in `each'
  journey (1.0.4) lib/journey/router.rb:56:in `call'
  actionpack (3.2.6) lib/action_dispatch/routing/route_set.rb:600:in `call'
  omniauth (1.1.1) lib/omniauth/strategy.rb:177:in `call!'
  omniauth (1.1.1) lib/omniauth/strategy.rb:157:in `call'
  warden (1.2.1) lib/warden/manager.rb:35:in `block in call'
  warden (1.2.1) lib/warden/manager.rb:34:in `catch'
  warden (1.2.1) lib/warden/manager.rb:34:in `call'
  actionpack (3.2.6) lib/action_dispatch/middleware/best_standards_support.rb:17:in `call'
  rack (1.4.1) lib/rack/etag.rb:23:in `call'
  rack (1.4.1) lib/rack/conditionalget.rb:25:in `call'
  actionpack (3.2.6) lib/action_dispatch/middleware/head.rb:14:in `call'
  actionpack (3.2.6) lib/action_dispatch/middleware/params_parser.rb:21:in `call'
  actionpack (3.2.6) lib/action_dispatch/middleware/flash.rb:242:in `call'
  rack (1.4.1) lib/rack/session/abstract/id.rb:205:in `context'
  rack (1.4.1) lib/rack/session/abstract/id.rb:200:in `call'
  actionpack (3.2.6) lib/action_dispatch/middleware/cookies.rb:338:in `call'
  activerecord (3.2.6) lib/active_record/query_cache.rb:64:in `call'
  activerecord (3.2.6) lib/active_record/connection_adapters/abstract/connection_pool.rb:473:in `call'
  actionpack (3.2.6) lib/action_dispatch/middleware/callbacks.rb:28:in `block in call'
  activesupport (3.2.6) lib/active_support/callbacks.rb:405:in `_run__1756566092685699947__call__502578303896877588__callbacks'
  activesupport (3.2.6) lib/active_support/callbacks.rb:405:in `__run_callback'
  activesupport (3.2.6) lib/active_support/callbacks.rb:385:in `_run_call_callbacks'
  activesupport (3.2.6) lib/active_support/callbacks.rb:81:in `run_callbacks'
  actionpack (3.2.6) lib/action_dispatch/middleware/callbacks.rb:27:in `call'
  actionpack (3.2.6) lib/action_dispatch/middleware/reloader.rb:65:in `call'
  actionpack (3.2.6) lib/action_dispatch/middleware/remote_ip.rb:31:in `call'
  actionpack (3.2.6) lib/action_dispatch/middleware/debug_exceptions.rb:16:in `call'
  actionpack (3.2.6) lib/action_dispatch/middleware/show_exceptions.rb:56:in `call'
  railties (3.2.6) lib/rails/rack/logger.rb:26:in `call_app'
  railties (3.2.6) lib/rails/rack/logger.rb:16:in `call'
  actionpack (3.2.6) lib/action_dispatch/middleware/request_id.rb:22:in `call'
  rack (1.4.1) lib/rack/methodoverride.rb:21:in `call'
  rack (1.4.1) lib/rack/runtime.rb:17:in `call'
  activesupport (3.2.6) lib/active_support/cache/strategy/local_cache.rb:72:in `call'
  rack (1.4.1) lib/rack/lock.rb:15:in `call'
  actionpack (3.2.6) lib/action_dispatch/middleware/static.rb:62:in `call'
  railties (3.2.6) lib/rails/engine.rb:479:in `call'
  railties (3.2.6) lib/rails/application.rb:220:in `call'
  railties (3.2.6) lib/rails/railtie/configurable.rb:30:in `method_missing'
  passenger (3.0.17) lib/phusion_passenger/rack/request_handler.rb:96:in `process_request'
  passenger (3.0.17) lib/phusion_passenger/abstract_request_handler.rb:516:in `accept_and_process_next_request'
  passenger (3.0.17) lib/phusion_passenger/abstract_request_handler.rb:274:in `main_loop'
  passenger (3.0.17) lib/phusion_passenger/rack/application_spawner.rb:206:in `start_request_handler'
  passenger (3.0.17) lib/phusion_passenger/rack/application_spawner.rb:171:in `block in handle_spawn_application'
  passenger (3.0.17) lib/phusion_passenger/utils.rb:470:in `safe_fork'
  passenger (3.0.17) lib/phusion_passenger/rack/application_spawner.rb:166:in `handle_spawn_application'
  passenger (3.0.17) lib/phusion_passenger/abstract_server.rb:357:in `server_main_loop'
  passenger (3.0.17) lib/phusion_passenger/abstract_server.rb:206:in `start_synchronously'
  passenger (3.0.17) lib/phusion_passenger/abstract_server.rb:180:in `start'
  passenger (3.0.17) lib/phusion_passenger/rack/application_spawner.rb:129:in `start'
  passenger (3.0.17) lib/phusion_passenger/spawn_manager.rb:253:in `block (2 levels) in spawn_rack_application'
  passenger (3.0.17) lib/phusion_passenger/abstract_server_collection.rb:132:in `lookup_or_add'
  passenger (3.0.17) lib/phusion_passenger/spawn_manager.rb:246:in `block in spawn_rack_application'
  passenger (3.0.17) lib/phusion_passenger/abstract_server_collection.rb:82:in `block in synchronize'
  <internal:prelude>:10:in `synchronize'
  passenger (3.0.17) lib/phusion_passenger/abstract_server_collection.rb:79:in `synchronize'
  passenger (3.0.17) lib/phusion_passenger/spawn_manager.rb:244:in `spawn_rack_application'
  passenger (3.0.17) lib/phusion_passenger/spawn_manager.rb:137:in `spawn_application'
  passenger (3.0.17) lib/phusion_passenger/spawn_manager.rb:275:in `handle_spawn_application'
  passenger (3.0.17) lib/phusion_passenger/abstract_server.rb:357:in `server_main_loop'
  passenger (3.0.17) lib/phusion_passenger/abstract_server.rb:206:in `start_synchronously'
  passenger (3.0.17) helper-scripts/passenger-spawn-server:99:in `<main>'


  Rendered /Users/Jimmy/.rvm/gems/ruby-1.9.3-p194/gems/actionpack-3.2.6/lib/action_dispatch/middleware/templates/rescues/unknown_action.erb within rescues/layout (0.5ms)


Started GET "/" for 127.0.0.1 at 2013-01-07 11:32:22 +0800
Processing by ProductsController#index as */*
  [1m[36mBanner Load (0.4ms)[0m  [1mSELECT `banners`.* FROM `banners` WHERE (start_date < '2013-01-07 03:32:20' and end_date > '2013-01-07 03:32:20')[0m
  [1m[35mActsAsTaggableOn::Tag Load (0.4ms)[0m  SELECT tags.*, taggings.tags_count AS count FROM `tags` JOIN (SELECT taggings.tag_id, COUNT(taggings.tag_id) AS tags_count FROM `taggings` INNER JOIN products ON products.id = taggings.taggable_id WHERE (taggings.taggable_type = 'Product' AND taggings.context = 'tags') AND (taggings.taggable_id IN(SELECT products.id FROM `products` ORDER BY created_at desc)) GROUP BY taggings.tag_id HAVING COUNT(taggings.tag_id) > 0) AS taggings ON taggings.tag_id = tags.id
  Rendered shared/_tags_aside.html.slim (0.9ms)
  [1m[36mProduct Load (0.3ms)[0m  [1mSELECT `products`.* FROM `products` WHERE `products`.`status` IN ('selling', 'replenish') ORDER BY created_at desc LIMIT 15 OFFSET 0[0m
  Rendered products/_products.html.slim (1.6ms)
  Rendered products/index.html.slim within layouts/application (6.0ms)
  [1m[35mUser Load (0.4ms)[0m  SELECT `users`.* FROM `users` WHERE `users`.`id` = 1 LIMIT 1
  Rendered shared/_user_status_panel.html.slim (5.7ms)
Completed 200 OK in 46ms (Views: 42.9ms | ActiveRecord: 1.5ms)


Started GET "/user_consignment" for 127.0.0.1 at 2013-01-07 11:33:47 +0800
Processing by WelcomeController#user_consignment as HTML
  Rendered welcome/user_consignment.html.slim within layouts/application (8.0ms)
  [1m[36mUser Load (0.4ms)[0m  [1mSELECT `users`.* FROM `users` WHERE `users`.`id` = 1 LIMIT 1[0m
  Rendered shared/_user_status_panel.html.slim (86.6ms)
Completed 200 OK in 185ms (Views: 112.2ms | ActiveRecord: 36.8ms)


Started GET "/assets/common/products/consignments.css?body=1" for 127.0.0.1 at 2013-01-07 11:33:47 +0800


Started GET "/assets/application.css?body=1" for 127.0.0.1 at 2013-01-07 11:33:47 +0800


Started GET "/assets/common/products/product.css?body=1" for 127.0.0.1 at 2013-01-07 11:33:47 +0800


Started GET "/assets/common/products/index.css?body=1" for 127.0.0.1 at 2013-01-07 11:33:47 +0800


Started GET "/assets/common/sidebar.css?body=1" for 127.0.0.1 at 2013-01-07 11:33:47 +0800


Started GET "/assets/common/products/signup.css?body=1" for 127.0.0.1 at 2013-01-07 11:33:47 +0800
Served asset /application.css - 304 Not Modified (84ms)


Started GET "/assets/font-awesome/css/font-awesome.css" for 127.0.0.1 at 2013-01-07 11:33:47 +0800
Served asset /font-awesome/css/font-awesome.css - 304 Not Modified (28ms)


Started GET "/assets/jquery.js?body=1" for 127.0.0.1 at 2013-01-07 11:33:47 +0800
Served asset /jquery.js - 304 Not Modified (2ms)


Started GET "/assets/jquery_ujs.js?body=1" for 127.0.0.1 at 2013-01-07 11:33:47 +0800
Served asset /jquery_ujs.js - 304 Not Modified (2ms)


Started GET "/assets/common.js?body=1" for 127.0.0.1 at 2013-01-07 11:33:47 +0800
Served asset /common.js - 304 Not Modified (0ms)


Started GET "/assets/products.js?body=1" for 127.0.0.1 at 2013-01-07 11:33:47 +0800
Served asset /products.js - 304 Not Modified (0ms)


Started GET "/assets/bootstrap-transition.js?body=1" for 127.0.0.1 at 2013-01-07 11:33:47 +0800
Served asset /bootstrap-transition.js - 304 Not Modified (0ms)


Started GET "/assets/bootstrap-alert.js?body=1" for 127.0.0.1 at 2013-01-07 11:33:47 +0800
Served asset /bootstrap-alert.js - 304 Not Modified (2ms)


Started GET "/assets/bootstrap-button.js?body=1" for 127.0.0.1 at 2013-01-07 11:33:47 +0800
Served asset /bootstrap-button.js - 304 Not Modified (0ms)


Started GET "/assets/bootstrap-carousel.js?body=1" for 127.0.0.1 at 2013-01-07 11:33:47 +0800
Served asset /bootstrap-carousel.js - 304 Not Modified (0ms)
Served asset /common/products/consignments.css - 304 Not Modified (9ms)
Served asset /common/products/product.css - 304 Not Modified (0ms)


Started GET "/assets/bootstrap-collapse.js?body=1" for 127.0.0.1 at 2013-01-07 11:33:47 +0800


Started GET "/assets/bootstrap-modal.js?body=1" for 127.0.0.1 at 2013-01-07 11:33:47 +0800


Started GET "/assets/bootstrap-dropdown.js?body=1" for 127.0.0.1 at 2013-01-07 11:33:47 +0800
Served asset /bootstrap-modal.js - 304 Not Modified (2ms)


Started GET "/assets/bootstrap-scrollspy.js?body=1" for 127.0.0.1 at 2013-01-07 11:33:47 +0800
Served asset /bootstrap-collapse.js - 304 Not Modified (0ms)
Served asset /common/sidebar.css - 304 Not Modified (17ms)
Served asset /bootstrap-scrollspy.js - 304 Not Modified (0ms)
Served asset /bootstrap-dropdown.js - 304 Not Modified (0ms)


Started GET "/assets/bootstrap-popover.js?body=1" for 127.0.0.1 at 2013-01-07 11:33:47 +0800


Started GET "/assets/bootstrap-tooltip.js?body=1" for 127.0.0.1 at 2013-01-07 11:33:47 +0800


Started GET "/assets/bootstrap-tab.js?body=1" for 127.0.0.1 at 2013-01-07 11:33:47 +0800
Served asset /bootstrap-tooltip.js - 304 Not Modified (2ms)
Served asset /bootstrap-popover.js - 304 Not Modified (2ms)


Started GET "/assets/bootstrap.js?body=1" for 127.0.0.1 at 2013-01-07 11:33:47 +0800


Started GET "/assets/bootstrap-typeahead.js?body=1" for 127.0.0.1 at 2013-01-07 11:33:47 +0800
Served asset /bootstrap.js - 304 Not Modified (1ms)


Started GET "/assets/jquery_nested_form.js?body=1" for 127.0.0.1 at 2013-01-07 11:33:47 +0800


Started GET "/assets/cocoon.js?body=1" for 127.0.0.1 at 2013-01-07 11:33:47 +0800
Served asset /bootstrap-tab.js - 304 Not Modified (0ms)
Served asset /jquery_nested_form.js - 304 Not Modified (0ms)
Served asset /bootstrap-typeahead.js - 304 Not Modified (6ms)


Started GET "/assets/application.js?body=1" for 127.0.0.1 at 2013-01-07 11:33:47 +0800


Started GET "/assets/logo-web.png" for 127.0.0.1 at 2013-01-07 11:33:47 +0800
Served asset /cocoon.js - 304 Not Modified (4ms)
Served asset /common/products/index.css - 304 Not Modified (4ms)
Served asset /application.js - 304 Not Modified (1ms)
Served asset /logo-web.png - 304 Not Modified (0ms)
Served asset /common/products/signup.css - 304 Not Modified (2ms)


Started GET "/assets/wood_pattern.png" for 127.0.0.1 at 2013-01-07 11:33:47 +0800


Started GET "/assets/striped_lens.png" for 127.0.0.1 at 2013-01-07 11:33:47 +0800
Served asset /wood_pattern.png - 304 Not Modified (1ms)
Served asset /striped_lens.png - 304 Not Modified (1ms)


Started GET "/assets/font-awesome/font/fontawesome-webfont.woff" for 127.0.0.1 at 2013-01-07 11:33:48 +0800
Served asset /font-awesome/font/fontawesome-webfont.woff - 304 Not Modified (1ms)


Started GET "/" for 127.0.0.1 at 2013-01-07 11:33:48 +0800
Processing by ProductsController#index as */*
  [1m[36mBanner Load (0.1ms)[0m  [1mSELECT `banners`.* FROM `banners` WHERE (start_date < '2013-01-07 03:33:48' and end_date > '2013-01-07 03:33:48')[0m
  [1m[35mActsAsTaggableOn::Tag Load (0.3ms)[0m  SELECT tags.*, taggings.tags_count AS count FROM `tags` JOIN (SELECT taggings.tag_id, COUNT(taggings.tag_id) AS tags_count FROM `taggings` INNER JOIN products ON products.id = taggings.taggable_id WHERE (taggings.taggable_type = 'Product' AND taggings.context = 'tags') AND (taggings.taggable_id IN(SELECT products.id FROM `products` ORDER BY created_at desc)) GROUP BY taggings.tag_id HAVING COUNT(taggings.tag_id) > 0) AS taggings ON taggings.tag_id = tags.id
  Rendered shared/_tags_aside.html.slim (5.6ms)
  [1m[36mProduct Load (0.3ms)[0m  [1mSELECT `products`.* FROM `products` WHERE `products`.`status` IN ('selling', 'replenish') ORDER BY created_at desc LIMIT 15 OFFSET 0[0m
  Rendered products/_products.html.slim (10.6ms)
  Rendered products/index.html.slim within layouts/application (47.8ms)
  [1m[35mUser Load (0.4ms)[0m  SELECT `users`.* FROM `users` WHERE `users`.`id` = 1 LIMIT 1
  Rendered shared/_user_status_panel.html.slim (92.5ms)
Completed 200 OK in 493ms (Views: 312.7ms | ActiveRecord: 8.4ms)
